<?xml version="1.0" encoding="UTF-8" ?>
<testsuite tests="11" failures="0" name="com.ce.unit.HotelProcessorSpec" time="0.543" errors="0" skipped="0">
  <properties>
    <property name="java.runtime.name" value="Java(TM) SE Runtime Environment"/>
    <property name="sun.boot.library.path" value="/Library/Java/JavaVirtualMachines/jdk1.8.0_65.jdk/Contents/Home/jre/lib"/>
    <property name="java.vm.version" value="25.65-b01"/>
    <property name="gopherProxySet" value="false"/>
    <property name="java.vm.vendor" value="Oracle Corporation"/>
    <property name="java.vendor.url" value="http://java.oracle.com/"/>
    <property name="path.separator" value=":"/>
    <property name="java.vm.name" value="Java HotSpot(TM) 64-Bit Server VM"/>
    <property name="file.encoding.pkg" value="sun.io"/>
    <property name="user.country" value="US"/>
    <property name="sun.java.launcher" value="SUN_STANDARD"/>
    <property name="sun.os.patch.level" value="unknown"/>
    <property name="java.vm.specification.name" value="Java Virtual Machine Specification"/>
    <property name="user.dir" value="/Users/raop/Documents/Prashanth/Git/source/hms1"/>
    <property name="java.runtime.version" value="1.8.0_65-b17"/>
    <property name="java.awt.graphicsenv" value="sun.awt.CGraphicsEnvironment"/>
    <property name="basedir" value="/Users/raop/Documents/Prashanth/Git/source/hms1"/>
    <property name="java.endorsed.dirs" value="/Library/Java/JavaVirtualMachines/jdk1.8.0_65.jdk/Contents/Home/jre/lib/endorsed"/>
    <property name="os.arch" value="x86_64"/>
    <property name="surefire.real.class.path" value="/var/folders/fq/ktnc49g938d4yd7_2558mxpntyb_nh/T/surefirebooter4831374705383451807.jar"/>
    <property name="java.io.tmpdir" value="/var/folders/fq/ktnc49g938d4yd7_2558mxpntyb_nh/T/"/>
    <property name="line.separator" value="
"/>
    <property name="java.vm.specification.vendor" value="Oracle Corporation"/>
    <property name="os.name" value="Mac OS X"/>
    <property name="sun.jnu.encoding" value="UTF-8"/>
    <property name="java.library.path" value="/Users/raop/Library/Java/Extensions:/Library/Java/Extensions:/Network/Library/Java/Extensions:/System/Library/Java/Extensions:/usr/lib/java:."/>
    <property name="surefire.test.class.path" value="/Users/raop/Documents/Prashanth/Git/source/hms1/target/test-classes:/Users/raop/Documents/Prashanth/Git/source/hms1/target/classes:/Users/raop/.m2/repository/org/springframework/boot/spring-boot/1.4.2.RELEASE/spring-boot-1.4.2.RELEASE.jar:/Users/raop/.m2/repository/org/springframework/spring-core/4.3.4.RELEASE/spring-core-4.3.4.RELEASE.jar:/Users/raop/.m2/repository/commons-logging/commons-logging/1.2/commons-logging-1.2.jar:/Users/raop/.m2/repository/org/springframework/spring-context/4.3.4.RELEASE/spring-context-4.3.4.RELEASE.jar:/Users/raop/.m2/repository/org/springframework/spring-aop/4.3.4.RELEASE/spring-aop-4.3.4.RELEASE.jar:/Users/raop/.m2/repository/org/springframework/spring-beans/4.3.4.RELEASE/spring-beans-4.3.4.RELEASE.jar:/Users/raop/.m2/repository/org/springframework/spring-expression/4.3.4.RELEASE/spring-expression-4.3.4.RELEASE.jar:/Users/raop/.m2/repository/org/springframework/boot/spring-boot-starter-test/1.4.2.RELEASE/spring-boot-starter-test-1.4.2.RELEASE.jar:/Users/raop/.m2/repository/org/springframework/boot/spring-boot-test/1.4.2.RELEASE/spring-boot-test-1.4.2.RELEASE.jar:/Users/raop/.m2/repository/org/springframework/boot/spring-boot-test-autoconfigure/1.4.2.RELEASE/spring-boot-test-autoconfigure-1.4.2.RELEASE.jar:/Users/raop/.m2/repository/org/springframework/boot/spring-boot-autoconfigure/1.4.2.RELEASE/spring-boot-autoconfigure-1.4.2.RELEASE.jar:/Users/raop/.m2/repository/com/jayway/jsonpath/json-path/2.2.0/json-path-2.2.0.jar:/Users/raop/.m2/repository/net/minidev/json-smart/2.2.1/json-smart-2.2.1.jar:/Users/raop/.m2/repository/net/minidev/accessors-smart/1.1/accessors-smart-1.1.jar:/Users/raop/.m2/repository/org/ow2/asm/asm/5.0.3/asm-5.0.3.jar:/Users/raop/.m2/repository/org/slf4j/slf4j-api/1.7.16/slf4j-api-1.7.16.jar:/Users/raop/.m2/repository/junit/junit/4.12/junit-4.12.jar:/Users/raop/.m2/repository/org/assertj/assertj-core/2.5.0/assertj-core-2.5.0.jar:/Users/raop/.m2/repository/org/mockito/mockito-core/1.10.19/mockito-core-1.10.19.jar:/Users/raop/.m2/repository/org/objenesis/objenesis/2.1/objenesis-2.1.jar:/Users/raop/.m2/repository/org/hamcrest/hamcrest-core/1.3/hamcrest-core-1.3.jar:/Users/raop/.m2/repository/org/hamcrest/hamcrest-library/1.3/hamcrest-library-1.3.jar:/Users/raop/.m2/repository/org/skyscreamer/jsonassert/1.3.0/jsonassert-1.3.0.jar:/Users/raop/.m2/repository/org/json/json/20090211/json-20090211.jar:/Users/raop/.m2/repository/org/springframework/spring-test/4.3.4.RELEASE/spring-test-4.3.4.RELEASE.jar:/Users/raop/.m2/repository/org/codehaus/groovy/groovy-all/2.4.1/groovy-all-2.4.1.jar:/Users/raop/.m2/repository/org/spockframework/spock-core/1.0-groovy-2.4/spock-core-1.0-groovy-2.4.jar:/Users/raop/.m2/repository/org/spockframework/spock-spring/1.0-groovy-2.4/spock-spring-1.0-groovy-2.4.jar:"/>
    <property name="java.specification.name" value="Java Platform API Specification"/>
    <property name="java.class.version" value="52.0"/>
    <property name="sun.management.compiler" value="HotSpot 64-Bit Tiered Compilers"/>
    <property name="os.version" value="10.10.5"/>
    <property name="user.home" value="/Users/raop"/>
    <property name="user.timezone" value="Asia/Kolkata"/>
    <property name="java.awt.printerjob" value="sun.lwawt.macosx.CPrinterJob"/>
    <property name="java.specification.version" value="1.8"/>
    <property name="file.encoding" value="UTF-8"/>
    <property name="user.name" value="raop"/>
    <property name="java.class.path" value="/Users/raop/Documents/Prashanth/Git/source/hms1/target/test-classes:/Users/raop/Documents/Prashanth/Git/source/hms1/target/classes:/Users/raop/.m2/repository/org/springframework/boot/spring-boot/1.4.2.RELEASE/spring-boot-1.4.2.RELEASE.jar:/Users/raop/.m2/repository/org/springframework/spring-core/4.3.4.RELEASE/spring-core-4.3.4.RELEASE.jar:/Users/raop/.m2/repository/commons-logging/commons-logging/1.2/commons-logging-1.2.jar:/Users/raop/.m2/repository/org/springframework/spring-context/4.3.4.RELEASE/spring-context-4.3.4.RELEASE.jar:/Users/raop/.m2/repository/org/springframework/spring-aop/4.3.4.RELEASE/spring-aop-4.3.4.RELEASE.jar:/Users/raop/.m2/repository/org/springframework/spring-beans/4.3.4.RELEASE/spring-beans-4.3.4.RELEASE.jar:/Users/raop/.m2/repository/org/springframework/spring-expression/4.3.4.RELEASE/spring-expression-4.3.4.RELEASE.jar:/Users/raop/.m2/repository/org/springframework/boot/spring-boot-starter-test/1.4.2.RELEASE/spring-boot-starter-test-1.4.2.RELEASE.jar:/Users/raop/.m2/repository/org/springframework/boot/spring-boot-test/1.4.2.RELEASE/spring-boot-test-1.4.2.RELEASE.jar:/Users/raop/.m2/repository/org/springframework/boot/spring-boot-test-autoconfigure/1.4.2.RELEASE/spring-boot-test-autoconfigure-1.4.2.RELEASE.jar:/Users/raop/.m2/repository/org/springframework/boot/spring-boot-autoconfigure/1.4.2.RELEASE/spring-boot-autoconfigure-1.4.2.RELEASE.jar:/Users/raop/.m2/repository/com/jayway/jsonpath/json-path/2.2.0/json-path-2.2.0.jar:/Users/raop/.m2/repository/net/minidev/json-smart/2.2.1/json-smart-2.2.1.jar:/Users/raop/.m2/repository/net/minidev/accessors-smart/1.1/accessors-smart-1.1.jar:/Users/raop/.m2/repository/org/ow2/asm/asm/5.0.3/asm-5.0.3.jar:/Users/raop/.m2/repository/org/slf4j/slf4j-api/1.7.16/slf4j-api-1.7.16.jar:/Users/raop/.m2/repository/junit/junit/4.12/junit-4.12.jar:/Users/raop/.m2/repository/org/assertj/assertj-core/2.5.0/assertj-core-2.5.0.jar:/Users/raop/.m2/repository/org/mockito/mockito-core/1.10.19/mockito-core-1.10.19.jar:/Users/raop/.m2/repository/org/objenesis/objenesis/2.1/objenesis-2.1.jar:/Users/raop/.m2/repository/org/hamcrest/hamcrest-core/1.3/hamcrest-core-1.3.jar:/Users/raop/.m2/repository/org/hamcrest/hamcrest-library/1.3/hamcrest-library-1.3.jar:/Users/raop/.m2/repository/org/skyscreamer/jsonassert/1.3.0/jsonassert-1.3.0.jar:/Users/raop/.m2/repository/org/json/json/20090211/json-20090211.jar:/Users/raop/.m2/repository/org/springframework/spring-test/4.3.4.RELEASE/spring-test-4.3.4.RELEASE.jar:/Users/raop/.m2/repository/org/codehaus/groovy/groovy-all/2.4.1/groovy-all-2.4.1.jar:/Users/raop/.m2/repository/org/spockframework/spock-core/1.0-groovy-2.4/spock-core-1.0-groovy-2.4.jar:/Users/raop/.m2/repository/org/spockframework/spock-spring/1.0-groovy-2.4/spock-spring-1.0-groovy-2.4.jar:"/>
    <property name="java.vm.specification.version" value="1.8"/>
    <property name="sun.arch.data.model" value="64"/>
    <property name="java.home" value="/Library/Java/JavaVirtualMachines/jdk1.8.0_65.jdk/Contents/Home/jre"/>
    <property name="sun.java.command" value="/var/folders/fq/ktnc49g938d4yd7_2558mxpntyb_nh/T/surefirebooter4831374705383451807.jar /var/folders/fq/ktnc49g938d4yd7_2558mxpntyb_nh/T/surefire2605611519662507787tmp /var/folders/fq/ktnc49g938d4yd7_2558mxpntyb_nh/T/surefire7843724834069675655tmp"/>
    <property name="java.specification.vendor" value="Oracle Corporation"/>
    <property name="user.language" value="en"/>
    <property name="awt.toolkit" value="sun.lwawt.macosx.LWCToolkit"/>
    <property name="java.vm.info" value="mixed mode"/>
    <property name="java.version" value="1.8.0_65"/>
    <property name="java.ext.dirs" value="/Users/raop/Library/Java/Extensions:/Library/Java/JavaVirtualMachines/jdk1.8.0_65.jdk/Contents/Home/jre/lib/ext:/Library/Java/Extensions:/Network/Library/Java/Extensions:/System/Library/Java/Extensions:/usr/lib/java"/>
    <property name="sun.boot.class.path" value="/Library/Java/JavaVirtualMachines/jdk1.8.0_65.jdk/Contents/Home/jre/lib/resources.jar:/Library/Java/JavaVirtualMachines/jdk1.8.0_65.jdk/Contents/Home/jre/lib/rt.jar:/Library/Java/JavaVirtualMachines/jdk1.8.0_65.jdk/Contents/Home/jre/lib/sunrsasign.jar:/Library/Java/JavaVirtualMachines/jdk1.8.0_65.jdk/Contents/Home/jre/lib/jsse.jar:/Library/Java/JavaVirtualMachines/jdk1.8.0_65.jdk/Contents/Home/jre/lib/jce.jar:/Library/Java/JavaVirtualMachines/jdk1.8.0_65.jdk/Contents/Home/jre/lib/charsets.jar:/Library/Java/JavaVirtualMachines/jdk1.8.0_65.jdk/Contents/Home/jre/lib/jfr.jar:/Library/Java/JavaVirtualMachines/jdk1.8.0_65.jdk/Contents/Home/jre/classes"/>
    <property name="java.vendor" value="Oracle Corporation"/>
    <property name="localRepository" value="/Users/raop/.m2/repository"/>
    <property name="file.separator" value="/"/>
    <property name="java.vendor.url.bug" value="http://bugreport.sun.com/bugreport/"/>
    <property name="sun.cpu.endian" value="little"/>
    <property name="sun.io.unicode.encoding" value="UnicodeBig"/>
    <property name="sun.cpu.isalist" value=""/>
  </properties>
  <testcase classname="com.ce.unit.HotelProcessorSpec" name="should fail hotel creation if one of floor|corridor is 0" time="0.128"/>
  <testcase classname="com.ce.unit.HotelProcessorSpec" name="should create hotel with 2 floors | 1 main | 2 sub corrdidors " time="0.029"/>
  <testcase classname="com.ce.unit.HotelProcessorSpec" name="should create hotel with 2 floors | 1 main | 2 sub corrdidor and all ACs should be on" time="0.005"/>
  <testcase classname="com.ce.unit.HotelProcessorSpec" name="should create hotel with 2 floors | 1 main | 2 sub corrdidor | ACs should be on | Main Corridor Lights should be off" time="0.003"/>
  <testcase classname="com.ce.unit.HotelProcessorSpec" name="should create hotel with 2 floors | 1 main | 2 sub corrdidor | ACs should be on | Main corridor Lights should be on" time="0.002"/>
  <testcase classname="com.ce.unit.HotelProcessorSpec" name="should create hotel with 2 floors | 1 main | 2 sub corrdidor | ACs should be on | Main corridor Lights should be on next day 5AM" time="0.003"/>
  <testcase classname="com.ce.unit.HotelProcessorSpec" name="should create hotel with 2 floors | 1 main | 2 sub corrdidor | ACs should be on | Main corridor Lights should be off next day 7AM" time="0.002"/>
  <testcase classname="com.ce.unit.HotelProcessorSpec" name="should handle motion detection on floor 1 sub corridor 2" time="0.014"/>
  <testcase classname="com.ce.unit.HotelProcessorSpec" name="should handle motion detection on floor 1 sub corridor 2 and reduce power consumption" time="0.001"/>
  <testcase classname="com.ce.unit.HotelProcessorSpec" name="should handle motion detection on floor 1 sub corridor 1 and reduce power consumption" time="0.001"/>
  <testcase classname="com.ce.unit.HotelProcessorSpec" name="should handle motion detection on floor 2 sub corridor 1 and reduce power consumption" time="0.002"/>
</testsuite>